This file contains any messages produced by compilers while
running configure, to aid debugging if configure makes a mistake.

It was created by configure, which was
generated by GNU Autoconf 2.59.  Invocation command line was

  $ ./configure --no-create --no-recursion

## --------- ##
## Platform. ##
## --------- ##

hostname = tdim
uname -m = x86_64
uname -r = 2.6.10-5-amd64-generic
uname -s = Linux
uname -v = #1 Tue Apr 5 12:21:57 UTC 2005

/usr/bin/uname -p = unknown
/bin/uname -X     = unknown

/bin/arch              = x86_64
/usr/bin/arch -k       = unknown
/usr/convex/getsysinfo = unknown
hostinfo               = unknown
/bin/machine           = unknown
/usr/bin/oslevel       = unknown
/bin/universe          = unknown

PATH: /home/nny/.local/bin
PATH: /usr/local/sbin
PATH: /usr/local/bin
PATH: /usr/sbin
PATH: /usr/bin
PATH: /sbin
PATH: /bin
PATH: /usr/bin/X11
PATH: /usr/games
PATH: /usr/local/cross-tools/bin
PATH: /usr/games


## ----------- ##
## Core tests. ##
## ----------- ##

configure:1344: checking build system type
configure:1362: result: x86_64-unknown-linux-gnu
configure:1370: checking host system type
configure:1384: result: x86_64-unknown-linux-gnu
configure:1392: checking target system type
configure:1406: result: x86_64-unknown-linux-gnu
configure:1435: checking for a BSD-compatible install
configure:1490: result: /usr/bin/install -c
configure:1501: checking whether build environment is sane
configure:1544: result: yes
configure:1559: checking whether make sets $(MAKE)
configure:1579: result: yes
configure:1611: checking for working aclocal-1.4
configure:1618: result: found
configure:1626: checking for working autoconf
configure:1633: result: found
configure:1641: checking for working automake-1.4
configure:1648: result: found
configure:1656: checking for working autoheader
configure:1663: result: found
configure:1671: checking for working makeinfo
configure:1678: result: found
configure:1736: checking for gcc
configure:1752: found /usr/bin/gcc
configure:1762: result: gcc
configure:2006: checking for C compiler version
configure:2009: gcc --version </dev/null >&5
gcc (GCC) 3.3.5 (Debian 1:3.3.5-8ubuntu2)
Copyright (C) 2003 Free Software Foundation, Inc.
This is free software; see the source for copying conditions.  There is NO
warranty; not even for MERCHANTABILITY or FITNESS FOR A PARTICULAR PURPOSE.

configure:2012: $? = 0
configure:2014: gcc -v </dev/null >&5
Reading specs from /usr/lib/gcc-lib/x86_64-linux/3.3.5/specs
Configured with: ../src/configure -v --enable-languages=c,c++,java,f77,pascal,objc,ada,treelang --prefix=/usr --mandir=/usr/share/man --infodir=/usr/share/info --with-gxx-include-dir=/usr/include/c++/3.3 --enable-shared --with-system-zlib --enable-nls --without-included-gettext --enable-__cxa_atexit --enable-clocale=gnu --enable-debug --enable-java-gc=boehm --enable-java-awt=xlib --enable-objc-gc --disable-multilib x86_64-linux
Thread model: posix
gcc version 3.3.5 (Debian 1:3.3.5-8ubuntu2)
configure:2017: $? = 0
configure:2019: gcc -V </dev/null >&5
gcc: `-V' option must have argument
configure:2022: $? = 1
configure:2045: checking for C compiler default output file name
configure:2048: gcc    conftest.c  >&5
configure:2051: $? = 0
configure:2097: result: a.out
configure:2102: checking whether the C compiler works
configure:2108: ./a.out
configure:2111: $? = 0
configure:2128: result: yes
configure:2135: checking whether we are cross compiling
configure:2137: result: no
configure:2140: checking for suffix of executables
configure:2142: gcc -o conftest    conftest.c  >&5
configure:2145: $? = 0
configure:2170: result: 
configure:2176: checking for suffix of object files
configure:2197: gcc -c   conftest.c >&5
configure:2200: $? = 0
configure:2222: result: o
configure:2226: checking whether we are using the GNU C compiler
configure:2250: gcc -c   conftest.c >&5
configure:2256: $? = 0
configure:2259: test -z 			 || test ! -s conftest.err
configure:2262: $? = 0
configure:2265: test -s conftest.o
configure:2268: $? = 0
configure:2281: result: yes
configure:2287: checking whether gcc accepts -g
configure:2308: gcc -c -g  conftest.c >&5
configure:2314: $? = 0
configure:2317: test -z 			 || test ! -s conftest.err
configure:2320: $? = 0
configure:2323: test -s conftest.o
configure:2326: $? = 0
configure:2337: result: yes
configure:2354: checking for gcc option to accept ANSI C
configure:2424: gcc  -c -g -O2  conftest.c >&5
configure:2430: $? = 0
configure:2433: test -z 			 || test ! -s conftest.err
configure:2436: $? = 0
configure:2439: test -s conftest.o
configure:2442: $? = 0
configure:2460: result: none needed
configure:2478: gcc -c -g -O2  conftest.c >&5
conftest.c:2: error: syntax error before "me"
configure:2484: $? = 1
configure: failed program was:
| #ifndef __cplusplus
|   choke me
| #endif
configure:2627: checking for a BSD-compatible install
configure:2682: result: /usr/bin/install -c
configure:2734: checking for ranlib
configure:2750: found /usr/bin/ranlib
configure:2761: result: ranlib
configure:2780: checking how to run the C preprocessor
configure:2815: gcc -E  conftest.c
configure:2821: $? = 0
configure:2853: gcc -E  conftest.c
conftest.c:11:28: ac_nonexistent.h: No such file or directory
configure:2859: $? = 1
configure: failed program was:
| /* confdefs.h.  */
| 
| #define PACKAGE_NAME ""
| #define PACKAGE_TARNAME ""
| #define PACKAGE_VERSION ""
| #define PACKAGE_STRING ""
| #define PACKAGE_BUGREPORT ""
| #define PACKAGE "Xiqual"
| #define VERSION "0.9.1"
| /* end confdefs.h.  */
| #include <ac_nonexistent.h>
configure:2898: result: gcc -E
configure:2922: gcc -E  conftest.c
configure:2928: $? = 0
configure:2960: gcc -E  conftest.c
conftest.c:11:28: ac_nonexistent.h: No such file or directory
configure:2966: $? = 1
configure: failed program was:
| /* confdefs.h.  */
| 
| #define PACKAGE_NAME ""
| #define PACKAGE_TARNAME ""
| #define PACKAGE_VERSION ""
| #define PACKAGE_STRING ""
| #define PACKAGE_BUGREPORT ""
| #define PACKAGE "Xiqual"
| #define VERSION "0.9.1"
| /* end confdefs.h.  */
| #include <ac_nonexistent.h>
configure:3010: checking for egrep
configure:3020: result: grep -E
configure:3025: checking for ANSI C header files
configure:3050: gcc -c -g -O2  conftest.c >&5
configure:3056: $? = 0
configure:3059: test -z 			 || test ! -s conftest.err
configure:3062: $? = 0
configure:3065: test -s conftest.o
configure:3068: $? = 0
configure:3157: gcc -o conftest -g -O2   conftest.c  >&5
configure:3160: $? = 0
configure:3162: ./conftest
configure:3165: $? = 0
configure:3180: result: yes
configure:3190: checking for inline
configure:3211: gcc -c -g -O2  conftest.c >&5
configure:3217: $? = 0
configure:3220: test -z 			 || test ! -s conftest.err
configure:3223: $? = 0
configure:3226: test -s conftest.o
configure:3229: $? = 0
configure:3241: result: inline
configure:3260: checking for an ANSI C-conforming const
configure:3327: gcc -c -g -O2  conftest.c >&5
configure:3333: $? = 0
configure:3336: test -z 			 || test ! -s conftest.err
configure:3339: $? = 0
configure:3342: test -s conftest.o
configure:3345: $? = 0
configure:3356: result: yes
configure:3380: checking for sys/types.h
configure:3396: gcc -c -g -O2  conftest.c >&5
configure:3402: $? = 0
configure:3405: test -z 			 || test ! -s conftest.err
configure:3408: $? = 0
configure:3411: test -s conftest.o
configure:3414: $? = 0
configure:3425: result: yes
configure:3380: checking for sys/stat.h
configure:3396: gcc -c -g -O2  conftest.c >&5
configure:3402: $? = 0
configure:3405: test -z 			 || test ! -s conftest.err
configure:3408: $? = 0
configure:3411: test -s conftest.o
configure:3414: $? = 0
configure:3425: result: yes
configure:3380: checking for stdlib.h
configure:3396: gcc -c -g -O2  conftest.c >&5
configure:3402: $? = 0
configure:3405: test -z 			 || test ! -s conftest.err
configure:3408: $? = 0
configure:3411: test -s conftest.o
configure:3414: $? = 0
configure:3425: result: yes
configure:3380: checking for string.h
configure:3396: gcc -c -g -O2  conftest.c >&5
configure:3402: $? = 0
configure:3405: test -z 			 || test ! -s conftest.err
configure:3408: $? = 0
configure:3411: test -s conftest.o
configure:3414: $? = 0
configure:3425: result: yes
configure:3380: checking for memory.h
configure:3396: gcc -c -g -O2  conftest.c >&5
configure:3402: $? = 0
configure:3405: test -z 			 || test ! -s conftest.err
configure:3408: $? = 0
configure:3411: test -s conftest.o
configure:3414: $? = 0
configure:3425: result: yes
configure:3380: checking for strings.h
configure:3396: gcc -c -g -O2  conftest.c >&5
configure:3402: $? = 0
configure:3405: test -z 			 || test ! -s conftest.err
configure:3408: $? = 0
configure:3411: test -s conftest.o
configure:3414: $? = 0
configure:3425: result: yes
configure:3380: checking for inttypes.h
configure:3396: gcc -c -g -O2  conftest.c >&5
configure:3402: $? = 0
configure:3405: test -z 			 || test ! -s conftest.err
configure:3408: $? = 0
configure:3411: test -s conftest.o
configure:3414: $? = 0
configure:3425: result: yes
configure:3380: checking for stdint.h
configure:3396: gcc -c -g -O2  conftest.c >&5
configure:3402: $? = 0
configure:3405: test -z 			 || test ! -s conftest.err
configure:3408: $? = 0
configure:3411: test -s conftest.o
configure:3414: $? = 0
configure:3425: result: yes
configure:3380: checking for unistd.h
configure:3396: gcc -c -g -O2  conftest.c >&5
configure:3402: $? = 0
configure:3405: test -z 			 || test ! -s conftest.err
configure:3408: $? = 0
configure:3411: test -s conftest.o
configure:3414: $? = 0
configure:3425: result: yes
configure:3451: checking SDL/SDL.h usability
configure:3463: gcc -c -g -O2  conftest.c >&5
configure:3469: $? = 0
configure:3472: test -z 			 || test ! -s conftest.err
configure:3475: $? = 0
configure:3478: test -s conftest.o
configure:3481: $? = 0
configure:3491: result: yes
configure:3495: checking SDL/SDL.h presence
configure:3505: gcc -E  conftest.c
configure:3511: $? = 0
configure:3531: result: yes
configure:3566: checking for SDL/SDL.h
configure:3573: result: yes
configure:3602: checking SDL/SDL_image.h usability
configure:3614: gcc -c -g -O2  conftest.c >&5
configure:3620: $? = 0
configure:3623: test -z 			 || test ! -s conftest.err
configure:3626: $? = 0
configure:3629: test -s conftest.o
configure:3632: $? = 0
configure:3642: result: yes
configure:3646: checking SDL/SDL_image.h presence
configure:3656: gcc -E  conftest.c
configure:3662: $? = 0
configure:3682: result: yes
configure:3717: checking for SDL/SDL_image.h
configure:3724: result: yes
configure:3754: checking SDL/SDL_mixer.h usability
configure:3766: gcc -c -g -O2  conftest.c >&5
configure:3772: $? = 0
configure:3775: test -z 			 || test ! -s conftest.err
configure:3778: $? = 0
configure:3781: test -s conftest.o
configure:3784: $? = 0
configure:3794: result: yes
configure:3798: checking SDL/SDL_mixer.h presence
configure:3808: gcc -E  conftest.c
configure:3814: $? = 0
configure:3834: result: yes
configure:3869: checking for SDL/SDL_mixer.h
configure:3876: result: yes
configure:3903: checking SDL/SDL_ttf.h usability
configure:3915: gcc -c -g -O2  conftest.c >&5
configure:3921: $? = 0
configure:3924: test -z 			 || test ! -s conftest.err
configure:3927: $? = 0
configure:3930: test -s conftest.o
configure:3933: $? = 0
configure:3943: result: yes
configure:3947: checking SDL/SDL_ttf.h presence
configure:3957: gcc -E  conftest.c
configure:3963: $? = 0
configure:3983: result: yes
configure:4018: checking for SDL/SDL_ttf.h
configure:4025: result: yes
configure:4155: creating ./config.status

## ---------------- ##
## Cache variables. ##
## ---------------- ##

ac_cv_build=x86_64-unknown-linux-gnu
ac_cv_build_alias=x86_64-unknown-linux-gnu
ac_cv_c_compiler_gnu=yes
ac_cv_c_const=yes
ac_cv_c_inline=inline
ac_cv_env_CC_set=
ac_cv_env_CC_value=
ac_cv_env_CFLAGS_set=
ac_cv_env_CFLAGS_value=
ac_cv_env_CPPFLAGS_set=
ac_cv_env_CPPFLAGS_value=
ac_cv_env_CPP_set=
ac_cv_env_CPP_value=
ac_cv_env_LDFLAGS_set=
ac_cv_env_LDFLAGS_value=
ac_cv_env_build_alias_set=
ac_cv_env_build_alias_value=
ac_cv_env_host_alias_set=
ac_cv_env_host_alias_value=
ac_cv_env_target_alias_set=
ac_cv_env_target_alias_value=
ac_cv_exeext=
ac_cv_header_SDL_SDL_h=yes
ac_cv_header_SDL_SDL_image_h=yes
ac_cv_header_SDL_SDL_mixer_h=yes
ac_cv_header_SDL_SDL_ttf_h=yes
ac_cv_header_inttypes_h=yes
ac_cv_header_memory_h=yes
ac_cv_header_stdc=yes
ac_cv_header_stdint_h=yes
ac_cv_header_stdlib_h=yes
ac_cv_header_string_h=yes
ac_cv_header_strings_h=yes
ac_cv_header_sys_stat_h=yes
ac_cv_header_sys_types_h=yes
ac_cv_header_unistd_h=yes
ac_cv_host=x86_64-unknown-linux-gnu
ac_cv_host_alias=x86_64-unknown-linux-gnu
ac_cv_objext=o
ac_cv_path_install='/usr/bin/install -c'
ac_cv_prog_CPP='gcc -E'
ac_cv_prog_ac_ct_CC=gcc
ac_cv_prog_ac_ct_RANLIB=ranlib
ac_cv_prog_cc_g=yes
ac_cv_prog_cc_stdc=
ac_cv_prog_egrep='grep -E'
ac_cv_prog_make_make_set=yes
ac_cv_target=x86_64-unknown-linux-gnu
ac_cv_target_alias=x86_64-unknown-linux-gnu

## ----------------- ##
## Output variables. ##
## ----------------- ##

ACLOCAL='aclocal-1.4'
AUTOCONF='autoconf'
AUTOHEADER='autoheader'
AUTOMAKE='automake-1.4'
CC='gcc'
CFLAGS='-g -O2'
CPP='gcc -E'
CPPFLAGS=''
DATADIR=''
DEFS='-DHAVE_CONFIG_H'
ECHO_C=''
ECHO_N='-n'
ECHO_T=''
EGREP='grep -E'
EXEEXT=''
INETLIB=''
INSTALL_DATA='${INSTALL} -m 644'
INSTALL_PROGRAM='${INSTALL}'
INSTALL_SCRIPT='${INSTALL}'
LDFLAGS=''
LIBOBJS=''
LIBS=''
LTLIBOBJS=''
MAJOR_VERSION='0'
MAKEINFO='makeinfo'
MICRO_VERSION='1'
MINOR_VERSION='9'
OBJEXT='o'
PACKAGE='Xiqual'
PACKAGE_BUGREPORT=''
PACKAGE_NAME=''
PACKAGE_STRING=''
PACKAGE_TARNAME=''
PACKAGE_VERSION=''
PATH_SEPARATOR=':'
RANLIB='ranlib'
SET_MAKE=''
SHELL='/bin/sh'
VERSION='0.9.1'
ac_ct_CC='gcc'
ac_ct_RANLIB='ranlib'
bindir='${exec_prefix}/bin'
build='x86_64-unknown-linux-gnu'
build_alias=''
build_cpu='x86_64'
build_os='linux-gnu'
build_vendor='unknown'
datadir='${prefix}/share'
exec_prefix='${prefix}'
host='x86_64-unknown-linux-gnu'
host_alias=''
host_cpu='x86_64'
host_os='linux-gnu'
host_vendor='unknown'
includedir='${prefix}/include'
infodir='${prefix}/info'
libdir='${exec_prefix}/lib'
libexecdir='${exec_prefix}/libexec'
localstatedir='${prefix}/var'
mandir='${prefix}/man'
oldincludedir='/usr/include'
prefix='/usr/local'
program_transform_name='s,x,x,'
sbindir='${exec_prefix}/sbin'
sharedstatedir='${prefix}/com'
sysconfdir='${prefix}/etc'
target='x86_64-unknown-linux-gnu'
target_alias=''
target_cpu='x86_64'
target_os='linux-gnu'
target_vendor='unknown'

## ----------- ##
## confdefs.h. ##
## ----------- ##

#define HAVE_INTTYPES_H 1
#define HAVE_MEMORY_H 1
#define HAVE_SDL_SDL_H 1
#define HAVE_SDL_SDL_IMAGE_H 1
#define HAVE_SDL_SDL_MIXER_H 1
#define HAVE_SDL_SDL_TTF_H 1
#define HAVE_STDINT_H 1
#define HAVE_STDLIB_H 1
#define HAVE_STRINGS_H 1
#define HAVE_STRING_H 1
#define HAVE_SYS_STAT_H 1
#define HAVE_SYS_TYPES_H 1
#define HAVE_UNISTD_H 1
#define PACKAGE "Xiqual"
#define PACKAGE_BUGREPORT ""
#define PACKAGE_NAME ""
#define PACKAGE_STRING ""
#define PACKAGE_TARNAME ""
#define PACKAGE_VERSION ""
#define STDC_HEADERS 1
#define VERSION "0.9.1"

configure: exit 0

## ---------------------- ##
## Running config.status. ##
## ---------------------- ##

This file was extended by config.status, which was
generated by GNU Autoconf 2.59.  Invocation command line was

  CONFIG_FILES    = Makefile
  CONFIG_HEADERS  = 
  CONFIG_LINKS    = 
  CONFIG_COMMANDS = 
  $ ./config.status 

on tdim

config.status:741: creating Makefile
config.status:1079: executing default-1 commands
config.status:1079: executing default commands

## ---------------------- ##
## Running config.status. ##
## ---------------------- ##

This file was extended by config.status, which was
generated by GNU Autoconf 2.59.  Invocation command line was

  CONFIG_FILES    = include/Makefile
  CONFIG_HEADERS  = 
  CONFIG_LINKS    = 
  CONFIG_COMMANDS = 
  $ ./config.status 

on tdim

config.status:741: creating include/Makefile
config.status:1079: executing default-1 commands
config.status:1079: executing default commands

## ---------------------- ##
## Running config.status. ##
## ---------------------- ##

This file was extended by config.status, which was
generated by GNU Autoconf 2.59.  Invocation command line was

  CONFIG_FILES    = lui/Makefile
  CONFIG_HEADERS  = 
  CONFIG_LINKS    = 
  CONFIG_COMMANDS = 
  $ ./config.status 

on tdim

config.status:741: creating lui/Makefile
config.status:1079: executing default-1 commands
config.status:1079: executing default commands

## ---------------------- ##
## Running config.status. ##
## ---------------------- ##

This file was extended by config.status, which was
generated by GNU Autoconf 2.59.  Invocation command line was

  CONFIG_FILES    = xicgi/Makefile
  CONFIG_HEADERS  = 
  CONFIG_LINKS    = 
  CONFIG_COMMANDS = 
  $ ./config.status 

on tdim

config.status:741: creating xicgi/Makefile
config.status:1079: executing default-1 commands
config.status:1079: executing default commands

## ---------------------- ##
## Running config.status. ##
## ---------------------- ##

This file was extended by config.status, which was
generated by GNU Autoconf 2.59.  Invocation command line was

  CONFIG_FILES    = xisnd/Makefile
  CONFIG_HEADERS  = 
  CONFIG_LINKS    = 
  CONFIG_COMMANDS = 
  $ ./config.status 

on tdim

config.status:741: creating xisnd/Makefile
config.status:1079: executing default-1 commands
config.status:1079: executing default commands

## ---------------------- ##
## Running config.status. ##
## ---------------------- ##

This file was extended by config.status, which was
generated by GNU Autoconf 2.59.  Invocation command line was

  CONFIG_FILES    = xigfx/Makefile
  CONFIG_HEADERS  = 
  CONFIG_LINKS    = 
  CONFIG_COMMANDS = 
  $ ./config.status 

on tdim

config.status:741: creating xigfx/Makefile
config.status:1079: executing default-1 commands
config.status:1079: executing default commands

## ---------------------- ##
## Running config.status. ##
## ---------------------- ##

This file was extended by config.status, which was
generated by GNU Autoconf 2.59.  Invocation command line was

  CONFIG_FILES    = xinet/Makefile
  CONFIG_HEADERS  = 
  CONFIG_LINKS    = 
  CONFIG_COMMANDS = 
  $ ./config.status 

on tdim

config.status:741: creating xinet/Makefile
config.status:1079: executing default-1 commands
config.status:1079: executing default commands

## ---------------------- ##
## Running config.status. ##
## ---------------------- ##

This file was extended by config.status, which was
generated by GNU Autoconf 2.59.  Invocation command line was

  CONFIG_FILES    = xitools/Makefile
  CONFIG_HEADERS  = 
  CONFIG_LINKS    = 
  CONFIG_COMMANDS = 
  $ ./config.status 

on tdim

config.status:741: creating xitools/Makefile
config.status:1079: executing default-1 commands
config.status:1079: executing default commands
